0 info it worked if it ends with ok
1 verbose cli [ 'node',
1 verbose cli   'C:\\Users\\cw4\\AppData\\Roaming\\npm\\node_modules\\npm\\bin\\npm-cli.js',
1 verbose cli   'start' ]
2 info using npm@2.2.0
3 info using node@v0.10.35
4 verbose run-script [ 'prestart', 'start', 'poststart' ]
5 info prestart angular-seed@0.0.0
6 verbose unsafe-perm in lifecycle true
7 info start angular-seed@0.0.0
8 verbose unsafe-perm in lifecycle true
9 info angular-seed@0.0.0 Failed to exec start script
10 verbose stack Error: angular-seed@0.0.0 start: `node scripts/web-server.js`
10 verbose stack Exit status 8
10 verbose stack     at EventEmitter.<anonymous> (C:\Users\cw4\AppData\Roaming\npm\node_modules\npm\lib\utils\lifecycle.js:212:16)
10 verbose stack     at EventEmitter.emit (events.js:98:17)
10 verbose stack     at ChildProcess.<anonymous> (C:\Users\cw4\AppData\Roaming\npm\node_modules\npm\lib\utils\spawn.js:14:12)
10 verbose stack     at ChildProcess.emit (events.js:98:17)
10 verbose stack     at maybeClose (child_process.js:766:16)
10 verbose stack     at Process.ChildProcess._handle.onexit (child_process.js:833:5)
11 verbose pkgid angular-seed@0.0.0
12 verbose cwd C:\Users\cw4\Documents\GitHub\bunchyAngularjs\app
13 error Windows_NT 6.1.7601
14 error argv "node" "C:\\Users\\cw4\\AppData\\Roaming\\npm\\node_modules\\npm\\bin\\npm-cli.js" "start"
15 error node v0.10.35
16 error npm  v2.2.0
17 error code ELIFECYCLE
18 error angular-seed@0.0.0 start: `node scripts/web-server.js`
18 error Exit status 8
19 error Failed at the angular-seed@0.0.0 start script 'node scripts/web-server.js'.
19 error This is most likely a problem with the angular-seed package,
19 error not with npm itself.
19 error Tell the author that this fails on your system:
19 error     node scripts/web-server.js
19 error You can get their info via:
19 error     npm owner ls angular-seed
19 error There is likely additional logging output above.
20 verbose exit [ 1, true ]
